<?xml version="1.0" encoding="UTF-8"?>
<testsuite xmlns:xsi="http://www.w3.org/2001/XMLSchema-instance" xsi:noNamespaceSchemaLocation="https://maven.apache.org/surefire/maven-surefire-plugin/xsd/surefire-test-report-3.0.xsd" version="3.0" name="TestSuite" time="34.462" tests="4" errors="0" skipped="0" failures="3">
  <properties>
[...]
</properties>
  <testcase name="loginTest[admin@yourstore.com, admin](1)" classname="com.nopecommercev1.testCases.TC_DDTlogintest_002" time="16.343">
    <system-out><![CDATA[D:\Eclipse\workspace\nopecommercev1\testData\TestData.xlsx
]]></system-out>
    <system-err><![CDATA[SLF4J: Failed to load class "org.slf4j.impl.StaticLoggerBinder".
SLF4J: Defaulting to no-operation (NOP) logger implementation
SLF4J: See http://www.slf4j.org/codes.html#StaticLoggerBinder for further details.
Starting ChromeDriver 96.0.4664.45 (76e4c1bb2ab4671b8beba3444e61c0f17584b2fc-refs/branch-heads/4664@{#947}) on port 53542
Only local connections are allowed.
Please see https://chromedriver.chromium.org/security-considerations for suggestions on keeping ChromeDriver safe.
ChromeDriver was started successfully.
Jan 03, 2022 1:12:42 AM org.openqa.selenium.remote.ProtocolHandshake createSession
INFO: Detected dialect: W3C
Jan 03, 2022 1:12:42 AM org.openqa.selenium.devtools.CdpVersionFinder findNearestMatch
INFO: Found exact CDP implementation for version 96
]]></system-err>
  </testcase>
  <testcase name="loginTest[admin@yourstore.com, admin1](2)" classname="com.nopecommercev1.testCases.TC_DDTlogintest_002" time="5.244">
    <failure message="expected [true] but found [false]" type="java.lang.AssertionError"><![CDATA[java.lang.AssertionError: expected [true] but found [false]
	at com.nopecommercev1.testCases.TC_DDTlogintest_002.loginTest(TC_DDTlogintest_002.java:48)
]]></failure>
    <system-out><![CDATA[Screenshot Taken
Screenshot captured
]]></system-out>
  </testcase>
  <testcase name="loginTest[admin1@yourstore.com, admin](3)" classname="com.nopecommercev1.testCases.TC_DDTlogintest_002" time="4.03">
    <failure message="expected [true] but found [false]" type="java.lang.AssertionError"><![CDATA[java.lang.AssertionError: expected [true] but found [false]
	at com.nopecommercev1.testCases.TC_DDTlogintest_002.loginTest(TC_DDTlogintest_002.java:48)
]]></failure>
    <system-out><![CDATA[Screenshot Taken
Screenshot captured
]]></system-out>
  </testcase>
  <testcase name="loginTest[admin1@yourstore.com, admin1](4)" classname="com.nopecommercev1.testCases.TC_DDTlogintest_002" time="5.242">
    <failure message="expected [true] but found [false]" type="java.lang.AssertionError"><![CDATA[java.lang.AssertionError: expected [true] but found [false]
	at com.nopecommercev1.testCases.TC_DDTlogintest_002.loginTest(TC_DDTlogintest_002.java:48)
]]></failure>
    <system-out><![CDATA[Screenshot Taken
Screenshot captured
]]></system-out>
  </testcase>
</testsuite>